0 info it worked if it ends with ok
1 verbose cli [ 'G:\\nodejs\\node.exe',
1 verbose cli   'G:\\nodejs\\node_modules\\npm\\bin\\npm-cli.js',
1 verbose cli   'run',
1 verbose cli   'app-hot' ]
2 info using npm@3.10.10
3 info using node@v6.10.0
4 verbose run-script [ 'preapp-hot', 'app-hot', 'postapp-hot' ]
5 info lifecycle 1.jdshopcart@1.0.0~preapp-hot: 1.jdshopcart@1.0.0
6 silly lifecycle 1.jdshopcart@1.0.0~preapp-hot: no script for preapp-hot, continuing
7 info lifecycle 1.jdshopcart@1.0.0~app-hot: 1.jdshopcart@1.0.0
8 verbose lifecycle 1.jdshopcart@1.0.0~app-hot: unsafe-perm in lifecycle true
9 verbose lifecycle 1.jdshopcart@1.0.0~app-hot: PATH: G:\nodejs\node_modules\npm\bin\node-gyp-bin;G:\workspace\jikexueyuan-homework\lesson-15\1.jdshopcart\node_modules\.bin;C:\Windows\system32;C:\Windows;C:\Windows\System32\Wbem;C:\Windows\System32\WindowsPowerShell\v1.0\;G:\nodejs\;G:\JDK8\bin;G:\JDK8\lib;G:\Git\cmd;C:\Users\Administrator\AppData\Roaming\npm;C:\Users\Administrator\AppData\Local\atom\bin;G:\Microsoft VS Code\bin
10 verbose lifecycle 1.jdshopcart@1.0.0~app-hot: CWD: G:\workspace\jikexueyuan-homework\lesson-15\1.jdshopcart
11 silly lifecycle 1.jdshopcart@1.0.0~app-hot: Args: [ '/d /s /c', 'supervisor app/server/app.js' ]
12 silly lifecycle 1.jdshopcart@1.0.0~app-hot: Returned: code: 3221225786  signal: null
13 info lifecycle 1.jdshopcart@1.0.0~app-hot: Failed to exec app-hot script
14 verbose stack Error: 1.jdshopcart@1.0.0 app-hot: `supervisor app/server/app.js`
14 verbose stack Exit status 3221225786
14 verbose stack     at EventEmitter.<anonymous> (G:\nodejs\node_modules\npm\lib\utils\lifecycle.js:255:16)
14 verbose stack     at emitTwo (events.js:106:13)
14 verbose stack     at EventEmitter.emit (events.js:191:7)
14 verbose stack     at ChildProcess.<anonymous> (G:\nodejs\node_modules\npm\lib\utils\spawn.js:40:14)
14 verbose stack     at emitTwo (events.js:106:13)
14 verbose stack     at ChildProcess.emit (events.js:191:7)
14 verbose stack     at maybeClose (internal/child_process.js:877:16)
14 verbose stack     at Process.ChildProcess._handle.onexit (internal/child_process.js:226:5)
15 verbose pkgid 1.jdshopcart@1.0.0
16 verbose cwd G:\workspace\jikexueyuan-homework\lesson-15\1.jdshopcart
17 error Windows_NT 10.0.10586
18 error argv "G:\\nodejs\\node.exe" "G:\\nodejs\\node_modules\\npm\\bin\\npm-cli.js" "run" "app-hot"
19 error node v6.10.0
20 error npm  v3.10.10
21 error code ELIFECYCLE
22 error 1.jdshopcart@1.0.0 app-hot: `supervisor app/server/app.js`
22 error Exit status 3221225786
23 error Failed at the 1.jdshopcart@1.0.0 app-hot script 'supervisor app/server/app.js'.
23 error Make sure you have the latest version of node.js and npm installed.
23 error If you do, this is most likely a problem with the 1.jdshopcart package,
23 error not with npm itself.
23 error Tell the author that this fails on your system:
23 error     supervisor app/server/app.js
23 error You can get information on how to open an issue for this project with:
23 error     npm bugs 1.jdshopcart
23 error Or if that isn't available, you can get their info via:
23 error     npm owner ls 1.jdshopcart
23 error There is likely additional logging output above.
24 verbose exit [ 1, true ]
